> Task :app:preBuild UP-TO-DATE
> Task :app:preDebugBuild UP-TO-DATE
> Task :app:mergeDebugNativeDebugMetadata NO-SOURCE
> Task :app:checkKotlinGradlePluginConfigurationErrors SKIPPED
> Task :app:checkDebugAarMetadata UP-TO-DATE
> Task :app:generateDebugResValues UP-TO-DATE
> Task :app:mapDebugSourceSetPaths UP-TO-DATE
> Task :app:generateDebugResources UP-TO-DATE
> Task :app:mergeDebugResources UP-TO-DATE
> Task :app:packageDebugResources UP-TO-DATE
> Task :app:parseDebugLocalResources UP-TO-DATE
> Task :app:createDebugCompatibleScreenManifests UP-TO-DATE
> Task :app:extractDeepLinksDebug UP-TO-DATE
> Task :app:processDebugMainManifest UP-TO-DATE
> Task :app:processDebugManifest UP-TO-DATE
> Task :app:processDebugManifestForPackage UP-TO-DATE
> Task :app:processDebugResources UP-TO-DATE
> Task :app:kspDebugKotlin UP-TO-DATE
> Task :app:javaPreCompileDebug UP-TO-DATE
> Task :app:mergeDebugShaders UP-TO-DATE
> Task :app:compileDebugShaders NO-SOURCE
> Task :app:generateDebugAssets UP-TO-DATE
> Task :app:mergeDebugAssets UP-TO-DATE
> Task :app:compressDebugAssets UP-TO-DATE
> Task :app:l8DexDesugarLibDebug UP-TO-DATE
> Task :app:checkDebugDuplicateClasses UP-TO-DATE
> Task :app:desugarDebugFileDependencies UP-TO-DATE
> Task :app:mergeExtDexDebug UP-TO-DATE
> Task :app:mergeLibDexDebug UP-TO-DATE
> Task :app:mergeDebugJniLibFolders UP-TO-DATE
> Task :app:mergeDebugNativeLibs UP-TO-DATE
> Task :app:stripDebugDebugSymbols UP-TO-DATE
> Task :app:validateSigningDebug UP-TO-DATE
> Task :app:writeDebugAppMetadata UP-TO-DATE
> Task :app:writeDebugSigningConfigVersions UP-TO-DATE

> Task :app:compileDebugKotlin FAILED
e: file:///D:/MyApplication2/app/src/main/java/com/example/pitwise/ui/screen/productivity/ProductivityScreen.kt:475:13 Unresolved reference 'ProductivityResult'.
e: file:///D:/MyApplication2/app/src/main/java/com/example/pitwise/ui/screen/productivity/ProductivityScreen.kt:479:23 'when' expression must be exhaustive. Add an 'else' branch.
e: file:///D:/MyApplication2/app/src/main/java/com/example/pitwise/ui/screen/productivity/ProductivityScreen.kt:479:36 Unresolved reference 'status'.
e: file:///D:/MyApplication2/app/src/main/java/com/example/pitwise/ui/screen/productivity/ProductivityScreen.kt:510:39 Unresolved reference 'status'.
e: file:///D:/MyApplication2/app/src/main/java/com/example/pitwise/ui/screen/productivity/ProductivityScreen.kt:527:48 Unresolved reference 'totalProduction'.
e: file:///D:/MyApplication2/app/src/main/java/com/example/pitwise/ui/screen/productivity/ProductivityScreen.kt:535:56 Unresolved reference 'targetProduction'.
e: file:///D:/MyApplication2/app/src/main/java/com/example/pitwise/ui/screen/productivity/ProductivityScreen.kt:543:39 Unresolved reference 'targetProduction'.
e: file:///D:/MyApplication2/app/src/main/java/com/example/pitwise/ui/screen/productivity/ProductivityScreen.kt:544:25 Unresolved reference 'totalProduction'.
e: file:///D:/MyApplication2/app/src/main/java/com/example/pitwise/ui/screen/productivity/ProductivityScreen.kt:544:50 Unresolved reference 'targetProduction'.
e: file:///D:/MyApplication2/app/src/main/java/com/example/pitwise/ui/screen/productivity/ProductivityScreen.kt:565:59 Unresolved reference 'deviationPercent'.
e: file:///D:/MyApplication2/app/src/main/java/com/example/pitwise/ui/screen/productivity/ProductivityScreen.kt:573:65 Unresolved reference 'actualProductivityPerHour'.
e: file:///D:/MyApplication2/app/src/main/java/com/example/pitwise/ui/screen/productivity/ProductivityScreen.kt:589:41 Unresolved reference 'status'.

FAILURE: Build failed with an exception.

* What went wrong:
Execution failed for task ':app:compileDebugKotlin'.
> A failure occurred while executing org.jetbrains.kotlin.compilerRunner.GradleCompilerRunnerWithWorkers$GradleKotlinCompilerWorkAction
   > Compilation error. See log for more details

* Try:
> Run with --stacktrace option to get the stack trace.
> Run with --info or --debug option to get more log output.
> Run with --scan to get full insights.
> Get more help at https://help.gradle.org.

BUILD FAILED in 4s
30 actionable tasks: 1 executed, 29 up-to-date
